[Sat Feb 15 07:32:07.495375 2020] [ssl:warn] [pid 1] AH01906: localhost:443:0 server certificate is a CA certificate (BasicConstraints: CA == TRUE !?)
[Sat Feb 15 07:32:07.496573 2020] [ssl:warn] [pid 1] AH01909: localhost:443:0 server certificate does NOT include an ID which matches the server name
[Sat Feb 15 07:32:07.543113 2020] [ssl:warn] [pid 1] AH01906: localhost:443:0 server certificate is a CA certificate (BasicConstraints: CA == TRUE !?)
[Sat Feb 15 07:32:07.543149 2020] [ssl:warn] [pid 1] AH01909: localhost:443:0 server certificate does NOT include an ID which matches the server name
[Sat Feb 15 07:32:07.545675 2020] [mpm_prefork:notice] [pid 1] AH00163: Apache/2.4.25 (Debian) PHP/7.2.11 OpenSSL/1.0.2l configured -- resuming normal operations
[Sat Feb 15 07:32:07.545704 2020] [core:notice] [pid 1] AH00094: Command line: 'apache2 -D FOREGROUND'
[Sat Feb 15 08:12:59.115322 2020] [mpm_prefork:notice] [pid 1] AH00169: caught SIGTERM, shutting down
[Sat Feb 15 08:13:13.489106 2020] [ssl:warn] [pid 1] AH01906: localhost:443:0 server certificate is a CA certificate (BasicConstraints: CA == TRUE !?)
[Sat Feb 15 08:13:13.489763 2020] [ssl:warn] [pid 1] AH01909: localhost:443:0 server certificate does NOT include an ID which matches the server name
[Sat Feb 15 08:13:13.564990 2020] [ssl:warn] [pid 1] AH01906: localhost:443:0 server certificate is a CA certificate (BasicConstraints: CA == TRUE !?)
[Sat Feb 15 08:13:13.565040 2020] [ssl:warn] [pid 1] AH01909: localhost:443:0 server certificate does NOT include an ID which matches the server name
[Sat Feb 15 08:13:13.568078 2020] [mpm_prefork:notice] [pid 1] AH00163: Apache/2.4.25 (Debian) PHP/7.2.11 OpenSSL/1.0.2l configured -- resuming normal operations
[Sat Feb 15 08:13:13.568141 2020] [core:notice] [pid 1] AH00094: Command line: 'apache2 -D FOREGROUND'
[Sat Feb 15 08:13:50.731220 2020] [mpm_prefork:notice] [pid 1] AH00169: caught SIGTERM, shutting down
[Sat Feb 15 08:17:09.965785 2020] [ssl:warn] [pid 1] AH01906: localhost:443:0 server certificate is a CA certificate (BasicConstraints: CA == TRUE !?)
[Sat Feb 15 08:17:09.965888 2020] [ssl:warn] [pid 1] AH01909: localhost:443:0 server certificate does NOT include an ID which matches the server name
[Sat Feb 15 08:17:09.995651 2020] [ssl:warn] [pid 1] AH01906: localhost:443:0 server certificate is a CA certificate (BasicConstraints: CA == TRUE !?)
[Sat Feb 15 08:17:09.995688 2020] [ssl:warn] [pid 1] AH01909: localhost:443:0 server certificate does NOT include an ID which matches the server name
[Sat Feb 15 08:17:09.998370 2020] [mpm_prefork:notice] [pid 1] AH00163: Apache/2.4.25 (Debian) PHP/7.2.11 OpenSSL/1.0.2l configured -- resuming normal operations
[Sat Feb 15 08:17:09.998412 2020] [core:notice] [pid 1] AH00094: Command line: 'apache2 -D FOREGROUND'
[Sat Feb 15 08:36:21.174078 2020] [mpm_prefork:notice] [pid 1] AH00169: caught SIGTERM, shutting down
[Sat Feb 15 14:53:11.763802 2020] [ssl:warn] [pid 1] AH01906: localhost:443:0 server certificate is a CA certificate (BasicConstraints: CA == TRUE !?)
[Sat Feb 15 14:53:11.765825 2020] [ssl:warn] [pid 1] AH01909: localhost:443:0 server certificate does NOT include an ID which matches the server name
[Sat Feb 15 14:53:11.839746 2020] [ssl:warn] [pid 1] AH01906: localhost:443:0 server certificate is a CA certificate (BasicConstraints: CA == TRUE !?)
[Sat Feb 15 14:53:11.839781 2020] [ssl:warn] [pid 1] AH01909: localhost:443:0 server certificate does NOT include an ID which matches the server name
[Sat Feb 15 14:53:11.842122 2020] [mpm_prefork:notice] [pid 1] AH00163: Apache/2.4.25 (Debian) PHP/7.2.11 OpenSSL/1.0.2l configured -- resuming normal operations
[Sat Feb 15 14:53:11.842156 2020] [core:notice] [pid 1] AH00094: Command line: 'apache2 -D FOREGROUND'
